0 info it worked if it ends with ok
1 verbose cli [ '/usr/local/bin/node', '/usr/local/bin/npm', 'run', 'server' ]
2 info using npm@3.6.0
3 info using node@v5.6.0
4 verbose run-script [ 'preserver', 'server', 'postserver' ]
5 info lifecycle js-quest@1.0.0~preserver: js-quest@1.0.0
6 silly lifecycle js-quest@1.0.0~preserver: no script for preserver, continuing
7 info lifecycle js-quest@1.0.0~server: js-quest@1.0.0
8 verbose lifecycle js-quest@1.0.0~server: unsafe-perm in lifecycle true
9 verbose lifecycle js-quest@1.0.0~server: PATH: /usr/local/lib/node_modules/npm/bin/node-gyp-bin:/Users/bryan/projects/js-quest/react/node_modules/.bin:/Users/bryan/.dnx/runtimes/dnx-mono.1.0.0-rc1-update2/bin:/Users/bryan/.dnx/bin:/Users/bryan/.local/bin:/Users/bryan/.stack/programs/x86_64-osx/ghc-7.10.2/bin:/usr/local/bin:/usr/local/sbin:/usr/bin:/bin:/usr/sbin:/sbin:/usr/local/share/dotnet:/Library/TeX/texbin:/Users/bryan/.yadr/bin:/Users/bryan/.yadr/bin/yadr
10 verbose lifecycle js-quest@1.0.0~server: CWD: /Users/bryan/projects/js-quest/react
11 silly lifecycle js-quest@1.0.0~server: Args: [ '-c',
11 silly lifecycle   'webpack-dev-server --config ./config/webpack.config.js --content-base build/' ]
12 silly lifecycle js-quest@1.0.0~server: Returned: code: 1  signal: null
13 info lifecycle js-quest@1.0.0~server: Failed to exec server script
14 verbose stack Error: js-quest@1.0.0 server: `webpack-dev-server --config ./config/webpack.config.js --content-base build/`
14 verbose stack Exit status 1
14 verbose stack     at EventEmitter.<anonymous> (/usr/local/lib/node_modules/npm/lib/utils/lifecycle.js:232:16)
14 verbose stack     at emitTwo (events.js:100:13)
14 verbose stack     at EventEmitter.emit (events.js:185:7)
14 verbose stack     at ChildProcess.<anonymous> (/usr/local/lib/node_modules/npm/lib/utils/spawn.js:24:14)
14 verbose stack     at emitTwo (events.js:100:13)
14 verbose stack     at ChildProcess.emit (events.js:185:7)
14 verbose stack     at maybeClose (internal/child_process.js:827:16)
14 verbose stack     at Process.ChildProcess._handle.onexit (internal/child_process.js:211:5)
15 verbose pkgid js-quest@1.0.0
16 verbose cwd /Users/bryan/projects/js-quest/react/src
17 error Darwin 15.3.0
18 error argv "/usr/local/bin/node" "/usr/local/bin/npm" "run" "server"
19 error node v5.6.0
20 error npm  v3.6.0
21 error code ELIFECYCLE
22 error js-quest@1.0.0 server: `webpack-dev-server --config ./config/webpack.config.js --content-base build/`
22 error Exit status 1
23 error Failed at the js-quest@1.0.0 server script 'webpack-dev-server --config ./config/webpack.config.js --content-base build/'.
23 error Make sure you have the latest version of node.js and npm installed.
23 error If you do, this is most likely a problem with the js-quest package,
23 error not with npm itself.
23 error Tell the author that this fails on your system:
23 error     webpack-dev-server --config ./config/webpack.config.js --content-base build/
23 error You can get information on how to open an issue for this project with:
23 error     npm bugs js-quest
23 error Or if that isn't available, you can get their info via:
23 error     npm owner ls js-quest
23 error There is likely additional logging output above.
24 verbose exit [ 1, true ]
